<?xml version="1.0" encoding="UTF-8"?>
<!-- Generated by org.testng.reporters.JUnitXMLReporter -->
<testsuite ignored="12" hostname="Atuls-MacBook-Air.local" failures="0" tests="1" name="Default test" time="2.734" errors="0" timestamp="2023-02-03T12:47:23 IST">
  <testcase classname="com.bridgelabz.qa.api_automation.Json_Server_ApiAutomationTest" name="get_post" time="2.695"/>
  <testcase classname="com.bridgelabz.qa.api_automation.Json_Server_ApiAutomationTest" name="update_comment" time="0.0">
    <ignored/>
  </testcase> <!-- update_comment -->
  <testcase classname="com.bridgelabz.qa.api_automation.Json_Server_ApiAutomationTest" name="delete_comment" time="0.0">
    <ignored/>
  </testcase> <!-- delete_comment -->
  <testcase classname="com.bridgelabz.qa.api_automation.Json_Server_ApiAutomationTest" name="update_post" time="0.0">
    <ignored/>
  </testcase> <!-- update_post -->
  <testcase classname="com.bridgelabz.qa.api_automation.Json_Server_ApiAutomationTest" name="get_comments" time="0.0">
    <ignored/>
  </testcase> <!-- get_comments -->
  <testcase classname="com.bridgelabz.qa.api_automation.Json_Server_ApiAutomationTest" name="create_profile" time="0.0">
    <ignored/>
  </testcase> <!-- create_profile -->
  <testcase classname="com.bridgelabz.qa.api_automation.Json_Server_ApiAutomationTest" name="create_post" time="0.0">
    <ignored/>
  </testcase> <!-- create_post -->
  <testcase classname="com.bridgelabz.qa.api_automation.Json_Server_ApiAutomationTest" name="create_post1" time="0.0">
    <ignored/>
  </testcase> <!-- create_post1 -->
  <testcase classname="com.bridgelabz.qa.api_automation.Json_Server_ApiAutomationTest" name="update_profile" time="0.0">
    <ignored/>
  </testcase> <!-- update_profile -->
  <testcase classname="com.bridgelabz.qa.api_automation.Json_Server_ApiAutomationTest" name="delete_post" time="0.0">
    <ignored/>
  </testcase> <!-- delete_post -->
  <testcase classname="com.bridgelabz.qa.api_automation.Json_Server_ApiAutomationTest" name="get_profile" time="0.0">
    <ignored/>
  </testcase> <!-- get_profile -->
  <testcase classname="com.bridgelabz.qa.api_automation.Json_Server_ApiAutomationTest" name="create_comments" time="0.0">
    <ignored/>
  </testcase> <!-- create_comments -->
  <testcase classname="com.bridgelabz.qa.api_automation.Json_Server_ApiAutomationTest" name="get_all_comments_for_perticular_post" time="0.0">
    <ignored/>
  </testcase> <!-- get_all_comments_for_perticular_post -->
</testsuite> <!-- Default test -->
