<?xml version="1.0" encoding="UTF-8"?>
<testng-results ignored="12" total="13" passed="1" failed="0" skipped="0">
  <reporter-output>
  </reporter-output>
  <suite started-at="2023-02-03T12:47:15 IST" name="Default suite" finished-at="2023-02-03T12:47:18 IST" duration-ms="2734">
    <groups>
    </groups>
    <test started-at="2023-02-03T12:47:15 IST" name="Default test" finished-at="2023-02-03T12:47:18 IST" duration-ms="2734">
      <class name="com.bridgelabz.qa.api_automation.Json_Server_ApiAutomationTest">
        <test-method signature="get_post()[pri:6, instance:com.bridgelabz.qa.api_automation.Json_Server_ApiAutomationTest@2aa5fe93]" started-at="2023-02-03T12:47:15 IST" name="get_post" finished-at="2023-02-03T12:47:18 IST" duration-ms="2695" status="PASS">
          <reporter-output>
          </reporter-output>
        </test-method> <!-- get_post -->
      </class> <!-- com.bridgelabz.qa.api_automation.Json_Server_ApiAutomationTest -->
    </test> <!-- Default test -->
  </suite> <!-- Default suite -->
</testng-results>
